<?xml version="1.0" encoding="UTF-8" ?>
<testsuite failures="1" time="1.091" errors="0" skipped="0" tests="1" name="VerifyProcessDefinitionDescriptionTest">
  <properties>
    <property name="java.runtime.name" value="Java(TM) SE Runtime Environment"/>
    <property name="sun.boot.library.path" value="/Library/Java/JavaVirtualMachines/jdk1.7.0_07.jdk/Contents/Home/jre/lib"/>
    <property name="java.vm.version" value="23.3-b01"/>
    <property name="user.country.format" value="BE"/>
    <property name="gopherProxySet" value="false"/>
    <property name="java.vm.vendor" value="Oracle Corporation"/>
    <property name="java.vendor.url" value="http://java.oracle.com/"/>
    <property name="path.separator" value=":"/>
    <property name="java.vm.name" value="Java HotSpot(TM) 64-Bit Server VM"/>
    <property name="file.encoding.pkg" value="sun.io"/>
    <property name="user.country" value="US"/>
    <property name="sun.java.launcher" value="SUN_STANDARD"/>
    <property name="sun.os.patch.level" value="unknown"/>
    <property name="java.vm.specification.name" value="Java Virtual Machine Specification"/>
    <property name="user.dir" value="/Users/jbarrez/Development/activiti/upgrade-prototype/activiti-upgrade/activiti-upgrade-5.11"/>
    <property name="java.runtime.version" value="1.7.0_07-b10"/>
    <property name="java.awt.graphicsenv" value="sun.awt.CGraphicsEnvironment"/>
    <property name="basedir" value="/Users/jbarrez/Development/activiti/upgrade-prototype/activiti-upgrade/activiti-upgrade-5.11"/>
    <property name="java.endorsed.dirs" value="/Library/Java/JavaVirtualMachines/jdk1.7.0_07.jdk/Contents/Home/jre/lib/endorsed"/>
    <property name="os.arch" value="x86_64"/>
    <property name="surefire.real.class.path" value="/Users/jbarrez/Development/activiti/upgrade-prototype/activiti-upgrade/activiti-upgrade-5.11/target/surefire/surefirebooter6797946725718538611.jar"/>
    <property name="java.io.tmpdir" value="/var/folders/kb/ygs6qw_d05d0b56y4jw_2v780000gn/T/"/>
    <property name="line.separator" value="
"/>
    <property name="java.vm.specification.vendor" value="Oracle Corporation"/>
    <property name="os.name" value="Mac OS X"/>
    <property name="sun.jnu.encoding" value="UTF-8"/>
    <property name="java.library.path" value="/Users/jbarrez/Library/Java/Extensions:/Library/Java/Extensions:/Network/Library/Java/Extensions:/System/Library/Java/Extensions:/usr/lib/java:."/>
    <property name="surefire.test.class.path" value="/Users/jbarrez/Development/activiti/upgrade-prototype/activiti-upgrade/activiti-upgrade-5.11/target/test-classes:/Users/jbarrez/Development/activiti/upgrade-prototype/activiti-upgrade/activiti-upgrade-5.11/target/classes:/Users/jbarrez/.m2/repository/org/activiti/activiti-engine/5.11-SNAPSHOT/activiti-engine-5.11-SNAPSHOT.jar:/Users/jbarrez/.m2/repository/org/apache/commons/commons-email/1.2/commons-email-1.2.jar:/Users/jbarrez/.m2/repository/javax/mail/mail/1.4.1/mail-1.4.1.jar:/Users/jbarrez/.m2/repository/javax/activation/activation/1.1/activation-1.1.jar:/Users/jbarrez/.m2/repository/commons-lang/commons-lang/2.4/commons-lang-2.4.jar:/Users/jbarrez/.m2/repository/org/mybatis/mybatis/3.1.1/mybatis-3.1.1.jar:/Users/jbarrez/.m2/repository/org/springframework/spring-beans/3.1.2.RELEASE/spring-beans-3.1.2.RELEASE.jar:/Users/jbarrez/.m2/repository/org/springframework/spring-core/3.1.2.RELEASE/spring-core-3.1.2.RELEASE.jar:/Users/jbarrez/.m2/repository/org/springframework/spring-asm/3.1.2.RELEASE/spring-asm-3.1.2.RELEASE.jar:/Users/jbarrez/.m2/repository/commons-logging/commons-logging/1.1.1/commons-logging-1.1.1.jar:/Users/jbarrez/.m2/repository/joda-time/joda-time/2.1/joda-time-2.1.jar:/Users/jbarrez/.m2/repository/junit/junit/4.8.1/junit-4.8.1.jar:/Users/jbarrez/.m2/repository/com/h2database/h2/1.2.132/h2-1.2.132.jar:/Users/jbarrez/.m2/repository/mysql/mysql-connector-java/5.1.6/mysql-connector-java-5.1.6.jar:/Users/jbarrez/.m2/repository/postgresql/postgresql/8.4-701.jdbc4/postgresql-8.4-701.jdbc4.jar:/Users/jbarrez/.m2/repository/com/oracle/jdbc/ojdbc5/11.2.0.1.0/ojdbc5-11.2.0.1.0.jar:/Users/jbarrez/.m2/repository/net/sourceforge/jtds/jtds/1.2.4/jtds-1.2.4.jar:/Users/jbarrez/.m2/repository/com/microsoft/sqlserver/sqljdbc4/4.0/sqljdbc4-4.0.jar:/Users/jbarrez/.m2/repository/com/ibm/db2/jcc/db2jcc4/10.1/db2jcc4-10.1.jar:/Users/jbarrez/.m2/repository/org/liquibase/liquibase-core/2.0.5/liquibase-core-2.0.5.jar:"/>
    <property name="sun.awt.enableExtraMouseButtons" value="true"/>
    <property name="java.specification.name" value="Java Platform API Specification"/>
    <property name="java.class.version" value="51.0"/>
    <property name="sun.management.compiler" value="HotSpot 64-Bit Tiered Compilers"/>
    <property name="os.version" value="10.7.5"/>
    <property name="http.nonProxyHosts" value="local|*.local|169.254/16|*.169.254/16"/>
    <property name="user.home" value="/Users/jbarrez"/>
    <property name="user.timezone" value="Europe/Brussels"/>
    <property name="java.awt.printerjob" value="sun.lwawt.macosx.CPrinterJob"/>
    <property name="java.specification.version" value="1.7"/>
    <property name="file.encoding" value="UTF-8"/>
    <property name="user.name" value="jbarrez"/>
    <property name="java.class.path" value="/Users/jbarrez/Development/activiti/upgrade-prototype/activiti-upgrade/activiti-upgrade-5.11/target/test-classes:/Users/jbarrez/Development/activiti/upgrade-prototype/activiti-upgrade/activiti-upgrade-5.11/target/classes:/Users/jbarrez/.m2/repository/org/activiti/activiti-engine/5.11-SNAPSHOT/activiti-engine-5.11-SNAPSHOT.jar:/Users/jbarrez/.m2/repository/org/apache/commons/commons-email/1.2/commons-email-1.2.jar:/Users/jbarrez/.m2/repository/javax/mail/mail/1.4.1/mail-1.4.1.jar:/Users/jbarrez/.m2/repository/javax/activation/activation/1.1/activation-1.1.jar:/Users/jbarrez/.m2/repository/commons-lang/commons-lang/2.4/commons-lang-2.4.jar:/Users/jbarrez/.m2/repository/org/mybatis/mybatis/3.1.1/mybatis-3.1.1.jar:/Users/jbarrez/.m2/repository/org/springframework/spring-beans/3.1.2.RELEASE/spring-beans-3.1.2.RELEASE.jar:/Users/jbarrez/.m2/repository/org/springframework/spring-core/3.1.2.RELEASE/spring-core-3.1.2.RELEASE.jar:/Users/jbarrez/.m2/repository/org/springframework/spring-asm/3.1.2.RELEASE/spring-asm-3.1.2.RELEASE.jar:/Users/jbarrez/.m2/repository/commons-logging/commons-logging/1.1.1/commons-logging-1.1.1.jar:/Users/jbarrez/.m2/repository/joda-time/joda-time/2.1/joda-time-2.1.jar:/Users/jbarrez/.m2/repository/junit/junit/4.8.1/junit-4.8.1.jar:/Users/jbarrez/.m2/repository/com/h2database/h2/1.2.132/h2-1.2.132.jar:/Users/jbarrez/.m2/repository/mysql/mysql-connector-java/5.1.6/mysql-connector-java-5.1.6.jar:/Users/jbarrez/.m2/repository/postgresql/postgresql/8.4-701.jdbc4/postgresql-8.4-701.jdbc4.jar:/Users/jbarrez/.m2/repository/com/oracle/jdbc/ojdbc5/11.2.0.1.0/ojdbc5-11.2.0.1.0.jar:/Users/jbarrez/.m2/repository/net/sourceforge/jtds/jtds/1.2.4/jtds-1.2.4.jar:/Users/jbarrez/.m2/repository/com/microsoft/sqlserver/sqljdbc4/4.0/sqljdbc4-4.0.jar:/Users/jbarrez/.m2/repository/com/ibm/db2/jcc/db2jcc4/10.1/db2jcc4-10.1.jar:/Users/jbarrez/.m2/repository/org/liquibase/liquibase-core/2.0.5/liquibase-core-2.0.5.jar:"/>
    <property name="java.vm.specification.version" value="1.7"/>
    <property name="sun.arch.data.model" value="64"/>
    <property name="java.home" value="/Library/Java/JavaVirtualMachines/jdk1.7.0_07.jdk/Contents/Home/jre"/>
    <property name="sun.java.command" value="/Users/jbarrez/Development/activiti/upgrade-prototype/activiti-upgrade/activiti-upgrade-5.11/target/surefire/surefirebooter6797946725718538611.jar /Users/jbarrez/Development/activiti/upgrade-prototype/activiti-upgrade/activiti-upgrade-5.11/target/surefire/surefire3442338169140649333tmp /Users/jbarrez/Development/activiti/upgrade-prototype/activiti-upgrade/activiti-upgrade-5.11/target/surefire/surefire7730793764132170473tmp"/>
    <property name="java.specification.vendor" value="Oracle Corporation"/>
    <property name="user.language" value="en"/>
    <property name="awt.toolkit" value="sun.lwawt.macosx.LWCToolkit"/>
    <property name="java.vm.info" value="mixed mode"/>
    <property name="database" value="mysql"/>
    <property name="java.version" value="1.7.0_07"/>
    <property name="java.ext.dirs" value="/Users/jbarrez/Library/Java/Extensions:/Library/Java/JavaVirtualMachines/jdk1.7.0_07.jdk/Contents/Home/jre/lib/ext:/Library/Java/Extensions:/Network/Library/Java/Extensions:/System/Library/Java/Extensions:/usr/lib/java"/>
    <property name="sun.boot.class.path" value="/Library/Java/JavaVirtualMachines/jdk1.7.0_07.jdk/Contents/Home/jre/lib/resources.jar:/Library/Java/JavaVirtualMachines/jdk1.7.0_07.jdk/Contents/Home/jre/lib/rt.jar:/Library/Java/JavaVirtualMachines/jdk1.7.0_07.jdk/Contents/Home/jre/lib/sunrsasign.jar:/Library/Java/JavaVirtualMachines/jdk1.7.0_07.jdk/Contents/Home/jre/lib/jsse.jar:/Library/Java/JavaVirtualMachines/jdk1.7.0_07.jdk/Contents/Home/jre/lib/jce.jar:/Library/Java/JavaVirtualMachines/jdk1.7.0_07.jdk/Contents/Home/jre/lib/charsets.jar:/Library/Java/JavaVirtualMachines/jdk1.7.0_07.jdk/Contents/Home/jre/lib/jfr.jar:/Library/Java/JavaVirtualMachines/jdk1.7.0_07.jdk/Contents/Home/jre/lib/JObjC.jar:/Library/Java/JavaVirtualMachines/jdk1.7.0_07.jdk/Contents/Home/jre/classes"/>
    <property name="java.vendor" value="Oracle Corporation"/>
    <property name="localRepository" value="/Users/jbarrez/.m2/repository"/>
    <property name="file.separator" value="/"/>
    <property name="java.vendor.url.bug" value="http://bugreport.sun.com/bugreport/"/>
    <property name="sun.cpu.endian" value="little"/>
    <property name="sun.io.unicode.encoding" value="UnicodeBig"/>
    <property name="sun.font.fontmanager" value="sun.font.CFontManager"/>
    <property name="socksNonProxyHosts" value="local|*.local|169.254/16|*.169.254/16"/>
    <property name="ftp.nonProxyHosts" value="local|*.local|169.254/16|*.169.254/16"/>
    <property name="sun.cpu.isalist" value=""/>
  </properties>
  <testcase time="1.09" classname="VerifyProcessDefinitionDescriptionTest" name="testProcessDefinitionDescription">
    <failure message="null" type="junit.framework.AssertionFailedError">junit.framework.AssertionFailedError: null
	at junit.framework.Assert.fail(Assert.java:47)
	at junit.framework.Assert.assertTrue(Assert.java:20)
	at junit.framework.Assert.assertNotNull(Assert.java:214)
	at junit.framework.Assert.assertNotNull(Assert.java:207)
	at VerifyProcessDefinitionDescriptionTest.testProcessDefinitionDescription(VerifyProcessDefinitionDescriptionTest.java:32)
	at sun.reflect.NativeMethodAccessorImpl.invoke0(Native Method)
	at sun.reflect.NativeMethodAccessorImpl.invoke(NativeMethodAccessorImpl.java:57)
	at sun.reflect.DelegatingMethodAccessorImpl.invoke(DelegatingMethodAccessorImpl.java:43)
	at java.lang.reflect.Method.invoke(Method.java:601)
	at junit.framework.TestCase.runTest(TestCase.java:168)
	at junit.framework.TestCase.runBare(TestCase.java:134)
	at junit.framework.TestResult$1.protect(TestResult.java:110)
	at junit.framework.TestResult.runProtected(TestResult.java:128)
	at junit.framework.TestResult.run(TestResult.java:113)
	at junit.framework.TestCase.run(TestCase.java:124)
	at junit.framework.TestSuite.runTest(TestSuite.java:232)
	at junit.framework.TestSuite.run(TestSuite.java:227)
	at org.junit.internal.runners.JUnit38ClassRunner.run(JUnit38ClassRunner.java:83)
	at org.apache.maven.surefire.junit4.JUnit4TestSet.execute(JUnit4TestSet.java:35)
	at org.apache.maven.surefire.junit4.JUnit4Provider.executeTestSet(JUnit4Provider.java:115)
	at org.apache.maven.surefire.junit4.JUnit4Provider.invoke(JUnit4Provider.java:97)
	at sun.reflect.NativeMethodAccessorImpl.invoke0(Native Method)
	at sun.reflect.NativeMethodAccessorImpl.invoke(NativeMethodAccessorImpl.java:57)
	at sun.reflect.DelegatingMethodAccessorImpl.invoke(DelegatingMethodAccessorImpl.java:43)
	at java.lang.reflect.Method.invoke(Method.java:601)
	at org.apache.maven.surefire.booter.ProviderFactory$ClassLoaderProxy.invoke(ProviderFactory.java:103)
	at $Proxy0.invoke(Unknown Source)
	at org.apache.maven.surefire.booter.SurefireStarter.invokeProvider(SurefireStarter.java:150)
	at org.apache.maven.surefire.booter.SurefireStarter.runSuitesInProcess(SurefireStarter.java:91)
	at org.apache.maven.surefire.booter.ForkedBooter.main(ForkedBooter.java:69)
</failure>
    <system-out>@SLTests run: 1, Failures: 0, Errors: 0, Skipped: 1, Time elapsed: 0.001 sec
@SLRunning VerifyProcessDefinitionDescriptionTest
</system-out>
    <system-err>Nov 30, 2012 9:49:52 AM org.springframework.beans.factory.xml.XmlBeanDefinitionReader loadBeanDefinitions
INFO: Loading XML bean definitions from class path resource [activiti.cfg.xml]
Nov 30, 2012 9:49:53 AM org.activiti.engine.impl.ProcessEngineImpl &lt;init&gt;
INFO: ProcessEngine default created
</system-err>
  </testcase>
</testsuite>